2021-04-17 10:02:00.480 INFO  com.zhongbei.wiki.config.WikiApplication          :55   [32m                  [0;39m Starting WikiApplication using Java 11.0.4 on f1cd6 with PID 10340 (C:\wiki\target\classes started by 123 in C:\wiki)
2021-04-17 10:02:00.489 INFO  com.zhongbei.wiki.config.WikiApplication          :660  [32m                  [0;39m No active profile set, falling back to default profiles: default
2021-04-17 10:02:00.955 INFO  o.s.b.d.env.DevToolsPropertyDefaultsPostProcessor :255  [32m                  [0;39m Devtools property defaults active! Set 'spring.devtools.add-properties' to 'false' to disable
2021-04-17 10:02:00.956 INFO  o.s.b.d.env.DevToolsPropertyDefaultsPostProcessor :255  [32m                  [0;39m For additional web related logging consider setting the 'logging.level.web' property to 'DEBUG'
2021-04-17 10:02:04.771 INFO  o.s.d.r.config.RepositoryConfigurationDelegate    :250  [32m                  [0;39m Multiple Spring Data modules found, entering strict repository configuration mode!
2021-04-17 10:02:04.901 INFO  o.s.d.r.config.RepositoryConfigurationDelegate    :128  [32m                  [0;39m Bootstrapping Spring Data Redis repositories in DEFAULT mode.
2021-04-17 10:02:05.118 INFO  o.s.d.r.config.RepositoryConfigurationDelegate    :188  [32m                  [0;39m Finished Spring Data repository scanning in 6 ms. Found 0 Redis repository interfaces.
2021-04-17 10:02:10.620 INFO  o.s.boot.web.embedded.tomcat.TomcatWebServer      :108  [32m                  [0;39m Tomcat initialized with port(s): 8083 (http)
2021-04-17 10:02:10.914 INFO  org.apache.coyote.http11.Http11NioProtocol        :173  [32m                  [0;39m Initializing ProtocolHandler ["http-nio-8083"]
2021-04-17 10:02:10.915 INFO  org.apache.catalina.core.StandardService          :173  [32m                  [0;39m Starting service [Tomcat]
2021-04-17 10:02:10.916 INFO  org.apache.catalina.core.StandardEngine           :173  [32m                  [0;39m Starting Servlet engine: [Apache Tomcat/9.0.41]
2021-04-17 10:02:11.718 INFO  o.a.c.core.ContainerBase.[Tomcat].[localhost].[/] :173  [32m                  [0;39m Initializing Spring embedded WebApplicationContext
2021-04-17 10:02:11.718 INFO  o.s.b.w.s.c.ServletWebServerApplicationContext    :289  [32m                  [0;39m Root WebApplicationContext: initialization completed in 10761 ms
2021-04-17 10:02:14.924 INFO  o.s.scheduling.concurrent.ThreadPoolTaskExecutor  :181  [32m                  [0;39m Initializing ExecutorService 'applicationTaskExecutor'
2021-04-17 10:02:27.739 INFO  o.s.scheduling.concurrent.ThreadPoolTaskScheduler :181  [32m                  [0;39m Initializing ExecutorService 'taskScheduler'
2021-04-17 10:02:27.803 INFO  o.s.b.d.autoconfigure.OptionalLiveReloadServer    :58   [32m                  [0;39m LiveReload server is running on port 35729
2021-04-17 10:02:27.926 INFO  org.apache.coyote.http11.Http11NioProtocol        :173  [32m                  [0;39m Starting ProtocolHandler ["http-nio-8083"]
2021-04-17 10:02:28.219 INFO  o.s.boot.web.embedded.tomcat.TomcatWebServer      :220  [32m                  [0;39m Tomcat started on port(s): 8083 (http) with context path ''
2021-04-17 10:02:28.431 INFO  com.zhongbei.wiki.config.WikiApplication          :61   [32m                  [0;39m Started WikiApplication in 30.97 seconds (JVM running for 38.116)
2021-04-17 10:02:28.434 INFO  com.zhongbei.wiki.config.WikiApplication          :26   [32m                  [0;39m å¯åŠ¨æˆåŠŸï¼ï¼
2021-04-17 10:02:28.434 INFO  com.zhongbei.wiki.config.WikiApplication          :27   [32m                  [0;39m åœ°å€: 	http://127.0.0.1:8083
2021-04-17 10:02:47.088 INFO  o.a.c.core.ContainerBase.[Tomcat].[localhost].[/] :173  [32m                  [0;39m Initializing Spring DispatcherServlet 'dispatcherServlet'
2021-04-17 10:02:47.089 INFO  org.springframework.web.servlet.DispatcherServlet :525  [32m                  [0;39m Initializing Servlet 'dispatcherServlet'
2021-04-17 10:02:47.090 INFO  org.springframework.web.servlet.DispatcherServlet :547  [32m                  [0;39m Completed initialization in 0 ms
2021-04-17 10:02:47.256 INFO  com.zhongbei.wiki.aspect.LogAspect                :54   [32m                  [0;39m ------------- å¼€å§‹ -------------
2021-04-17 10:02:47.257 INFO  com.zhongbei.wiki.aspect.LogAspect                :55   [32m                  [0;39m è¯·æ±‚åœ°å€: http://localhost:8083/ebook/list GET
2021-04-17 10:02:47.258 INFO  com.zhongbei.wiki.aspect.LogAspect                :56   [32m                  [0;39m ç±»åæ–¹æ³•: com.zhongbei.wiki.controller.EbookController.list
2021-04-17 10:02:47.259 INFO  com.zhongbei.wiki.aspect.LogAspect                :57   [32m                  [0;39m è¿œç¨‹åœ°å€: 127.0.0.1
2021-04-17 10:02:47.721 INFO  com.zhongbei.wiki.aspect.LogAspect                :79   [32m                  [0;39m è¯·æ±‚å‚æ•°: [{}]
2021-04-17 10:02:47.903 INFO  com.zaxxer.hikari.HikariDataSource                :110  [32m                  [0;39m wiki - Starting...
2021-04-17 10:02:48.871 INFO  com.zaxxer.hikari.HikariDataSource                :123  [32m                  [0;39m wiki - Start completed.
2021-04-17 10:02:49.196 INFO  com.zhongbei.wiki.aspect.LogAspect                :91   [32m                  [0;39m è¿”å›ç»“æœ: {"content":[{"description":"é›¶åŸºç¡€å…¥é—¨ Java å¼€å‘ï¼Œä¼ä¸šçº§åº”ç”¨å¼€å‘æœ€ä½³é¦–é€‰æ¡†æ¶","docCount":0,"id":1,"name":"Spring Boot å…¥é—¨æ•™ç¨‹","viewCount":0,"voteCount":0},{"description":"é›¶åŸºç¡€å…¥é—¨ Vue å¼€å‘ï¼Œä¼ä¸šçº§åº”ç”¨å¼€å‘æœ€ä½³é¦–é€‰æ¡†æ¶","docCount":0,"id":2,"name":"Vue å…¥é—¨æ•™ç¨‹","viewCount":0,"voteCount":0}],"success":true}
2021-04-17 10:02:49.197 INFO  com.zhongbei.wiki.aspect.LogAspect                :92   [32m                  [0;39m ------------- ç»“æŸ è€—æ—¶ï¼š1944 ms -------------
